# JRE version: Java(TM) SE Runtime Environment 18.9 (11.0.16.1+1) (build 11.0.16.1+1-LTS-1)
# Java VM: Java HotSpot(TM) 64-Bit Server VM 18.9 (11.0.16.1+1-LTS-1, mixed mode, tiered, compressed oops, g1 gc, windows-amd64)
Heap:
 garbage-first heap   total 109568K, used 55764K [0x0000000710c00000, 0x0000000800000000)
  region size 1024K, 19 young (19456K), 5 survivors (5120K)
 Metaspace       used 72298K, capacity 74961K, committed 75084K, reserved 1114112K
  class space    used 9642K, capacity 10725K, committed 10828K, reserved 1048576K
GC Heap History (10 events):
Event: 1431.056 GC heap after
{Heap after GC invocations=28 (full 3):
 garbage-first heap   total 109568K, used 39265K [0x0000000710c00000, 0x0000000800000000)
  region size 1024K, 5 young (5120K), 5 survivors (5120K)
 Metaspace       used 71547K, capacity 74118K, committed 74188K, reserved 1112064K
  class space    used 9580K, capacity 10640K, committed 10700K, reserved 1048576K
}
Event: 1554.212 GC heap before
{Heap before GC invocations=28 (full 3):
 garbage-first heap   total 109568K, used 56673K [0x0000000710c00000, 0x0000000800000000)
  region size 1024K, 23 young (23552K), 5 survivors (5120K)
 Metaspace       used 71605K, capacity 74212K, committed 74444K, reserved 1114112K
  class space    used 9589K, capacity 10649K, committed 10700K, reserved 1048576K
}
Event: 1554.388 GC heap after
{Heap after GC invocations=29 (full 4):
 garbage-first heap   total 109568K, used 34340K [0x0000000710c00000, 0x0000000800000000)
  region size 1024K, 0 young (0K), 0 survivors (0K)
 Metaspace       used 71603K, capacity 74206K, committed 74444K, reserved 1114112K
  class space    used 9588K, capacity 10647K, committed 10700K, reserved 1048576K
}
Event: 1556.008 GC heap before
{Heap before GC invocations=29 (full 4):
 garbage-first heap   total 109568K, used 86564K [0x0000000710c00000, 0x0000000800000000)
  region size 1024K, 51 young (52224K), 0 survivors (0K)
 Metaspace       used 71769K, capacity 74463K, committed 74700K, reserved 1114112K
  class space    used 9605K, capacity 10689K, committed 10700K, reserved 1048576K
}
Event: 1556.019 GC heap after
{Heap after GC invocations=30 (full 4):
 garbage-first heap   total 109568K, used 37907K [0x0000000710c00000, 0x0000000800000000)
  region size 1024K, 4 young (4096K), 4 survivors (4096K)
 Metaspace       used 71769K, capacity 74463K, committed 74700K, reserved 1114112K
  class space    used 9605K, capacity 10689K, committed 10700K, reserved 1048576K
}
Event: 1558.246 GC heap before
{Heap before GC invocations=30 (full 4):
 garbage-first heap   total 109568K, used 88083K [0x0000000710c00000, 0x0000000800000000)
  region size 1024K, 53 young (54272K), 4 survivors (4096K)
 Metaspace       used 72061K, capacity 74719K, committed 74956K, reserved 1114112K
  class space    used 9625K, capacity 10689K, committed 10700K, reserved 1048576K
}
Event: 1558.262 GC heap after
{Heap after GC invocations=31 (full 4):
 garbage-first heap   total 109568K, used 40104K [0x0000000710c00000, 0x0000000800000000)
  region size 1024K, 6 young (6144K), 6 survivors (6144K)
 Metaspace       used 72061K, capacity 74719K, committed 74956K, reserved 1114112K
  class space    used 9625K, capacity 10689K, committed 10700K, reserved 1048576K
}
Event: 1558.803 GC heap before
{Heap before GC invocations=31 (full 4):
 garbage-first heap   total 109568K, used 88232K [0x0000000710c00000, 0x0000000800000000)
  region size 1024K, 53 young (54272K), 6 survivors (6144K)
 Metaspace       used 72295K, capacity 74955K, committed 75084K, reserved 1114112K
  class space    used 9641K, capacity 10723K, committed 10828K, reserved 1048576K
}
Event: 1558.826 GC heap after
{Heap after GC invocations=32 (full 4):
 garbage-first heap   total 109568K, used 41806K [0x0000000710c00000, 0x0000000800000000)
  region size 1024K, 5 young (5120K), 5 survivors (5120K)
 Metaspace       used 72295K, capacity 74955K, committed 75084K, reserved 1114112K
  class space    used 9641K, capacity 10723K, committed 10828K, reserved 1048576K
}
Event: 1567.379 GC heap before
{Heap before GC invocations=32 (full 4):
 garbage-first heap   total 109568K, used 55118K [0x0000000710c00000, 0x0000000800000000)
  region size 1024K, 19 young (19456K), 5 survivors (5120K)
 Metaspace       used 72298K, capacity 74961K, committed 75084K, reserved 1114112K
  class space    used 9642K, capacity 10725K, committed 10828K, reserved 1048576K
}

